Case #1:
44.72135955
25.0
25.0
Case #2:
50000.0
50000.0
Case #3:
1.41421356237
0.451523640986
Case #4:
141.421356237
65.9380473396
45.1523640986
Case #5:
1.41421356237
0.659380473396
0.451523640986
Case #6:
2.47068704585
1.44961124308
1.66134146957
2.18453250244
1.63876784627
4.46094160464
1.42426904192
1.60761176421
Case #7:
10.9516307052
32.3768435769
14.5229991748
15.2625904311
12.0244578342
19.8143064873
11.4541038768
19.9265697454
10.3371306035
23.676292888
Case #8:
45.3950631521
45.160704007
134.175732801
44.9299375299
121.116534027
45.0448774402
128.463483787
45.5136192776
140.724695772
123.423722941
Case #9:
1.89308117765
1.757759
1.757759
2.18409484004
3.75765884561
1.757759
2.67045185901
1.757759
1.757759
1.757759
Case #10:
88307.75
88307.75
88307.75
88307.75
88307.75
88307.75
88307.75
88307.75
Case #11:
100000.0
100000.0
100000.0
100000.0
100000.0
100000.0
100000.0
100000.0
100000.0
Case #12:
44.6468943787
39.3648590145
39.3648590145
39.3648590145
39.3648590145
62.9805966593
51.510232518
88.6215549401
39.9536825332
39.3648590145
Case #13:
72998.5920173
72998.5920173
72998.5920173
72998.5920173
72998.5920173
72998.5920173
72998.5920173
72998.5920173
72998.5920173
Case #14:
10.0759944282
7.93946880057
16.6466546522
11.1306787142
11.3408266796
17.9013435406
8.30329522169
10.3449821999
12.9698499913
8.69916442777
Case #15:
50.493955
75.2181589018
50.493955
50.493955
50.493955
50.493955
60.9336729567
50.493955
109.00146788
Case #16:
32.2511200178
44.3119186525
30.3465750931
30.1881062549
40.7571277192
49.6041202926
37.0370847206
29.8109544003
Case #17:
43399.8124204
43399.8124204
43399.8124204
43399.8124204
43399.8124204
43399.8124204
43399.8124204
43399.8124204
Case #18:
24.8232133132
14.1439145
15.715460811
20.3022765332
34.9293572801
14.3923909344
14.1439145
17.597155977
14.1439145
15.747370409
Case #19:
73.6668326933
52.575472
52.575472
52.575472
52.9238149409
81.335910572
105.004209031
101.070060631
71.5990623637
Case #20:
26.118254
48.0721686356
26.118254
45.2893399947
26.118254
52.0396490668
26.118254
26.118254
26.118254
