Case #1:
44.72135955
25.0
25.0
Case #2:
200.0
198.01980198
Case #3:
1.41421356237
0.451523640986
Case #4:
141.421356237
65.9380473396
45.1523640986
Case #5:
1.41421356237
0.659380473396
0.451523640986
Case #6:
2.47068704585
1.44961124308
1.66134146957
2.18453250244
1.63876784627
4.46094160464
1.42426904192
1.60761176421
Case #7:
10.9516307052
32.3768435769
14.5229991748
15.2625904311
12.0244578342
19.8143064873
11.4541038768
19.9265697454
10.3371306035
23.676292888
Case #8:
45.3950631521
45.160704007
134.175732801
44.9299375299
121.116534027
45.0448774402
128.463483787
45.5136192776
140.724695772
123.423722941
Case #9:
1.89308117765
1.757759
1.757759
2.18409484004
3.75765884561
1.757759
2.67045185901
1.757759
1.757759
1.757759
Case #10:
88307.75
88307.75
88307.75
88307.75
88307.75
88307.75
88307.75
88307.75
Case #11:
100000.0
100000.0
100000.0
100000.0
100000.0
100000.0
100000.0
100000.0
100000.0
Case #12:
4370.84263959
2923.78947368
1755.46585117
1950.29671574
2506.713246
8697.53535354
5817.94594595
17221.12
3500.22764228
2193.77324841
Case #13:
1502.84607543
1510.54508197
14040.8761905
11794.336
11340.7076923
14742.92
1526.18219462
1534.12278876
12819.9304348
Case #14:
10.0759944282
7.93946880057
16.6466546522
11.1306787142
11.3408266796
17.9013435406
8.30329522169
10.3449821999
12.9698499913
8.69916442777
Case #15:
50.493955
75.2181589018
50.493955
50.493955
50.493955
50.493955
60.9336729567
50.493955
109.00146788
Case #16:
1057.8888465
1997.06198703
936.633750643
926.877149074
1689.49758819
2502.5683025
1395.16002927
903.862140858
Case #17:
1924.97472924
9997.8375
5713.05
1630.63608563
7271.15454545
15996.54
1857.90243902
1736.86644951
Case #18:
617.202020202
138.398640997
247.380566802
412.858108108
1222.06
207.480475382
177.883551674
310.16751269
124.572884811
248.386178862
Case #19:
73.6668326933
52.575472
52.575472
52.575472
52.9238149409
81.335910572
105.004209031
101.070060631
71.5990623637
Case #20:
26.118254
48.0721686356
26.118254
45.2893399947
26.118254
52.0396490668
26.118254
26.118254
26.118254
